[debug] [2023-07-27T10:35:17.257Z] ----------------------------------------------------------------------
[debug] [2023-07-27T10:35:17.260Z] Command:       C:\Program Files\nodejs\node.exe C:\Users\91899\AppData\Roaming\npm\node_modules\firebase-tools\lib\bin\firebase.js init
[debug] [2023-07-27T10:35:17.261Z] CLI Version:   12.4.6
[debug] [2023-07-27T10:35:17.261Z] Platform:      win32
[debug] [2023-07-27T10:35:17.262Z] Node Version:  v19.7.0
[debug] [2023-07-27T10:35:17.262Z] Time:          Thu Jul 27 2023 16:05:17 GMT+0530 (India Standard Time)
[debug] [2023-07-27T10:35:17.262Z] ----------------------------------------------------------------------
[debug] 
[debug] [2023-07-27T10:35:17.270Z] > command requires scopes: ["email","openid","https://www.googleapis.com/auth/cloudplatformprojects.readonly","https://www.googleapis.com/auth/firebase","https://www.googleapis.com/auth/cloud-platform"]
[debug] [2023-07-27T10:35:17.270Z] > authorizing via signed-in user (jpushkar.2001@gmail.com)
[info] 
     ######## #### ########  ######## ########     ###     ######  ########
     ##        ##  ##     ## ##       ##     ##  ##   ##  ##       ##
     ######    ##  ########  ######   ########  #########  ######  ######
     ##        ##  ##    ##  ##       ##     ## ##     ##       ## ##
     ##       #### ##     ## ######## ########  ##     ##  ######  ########

You're about to initialize a Firebase project in this directory:

  C:\Users\91899\Desktop\Amazon Clone

[info] 
=== Project Setup
[info] 
[info] First, let's associate this project directory with a Firebase project.
[info] You can create multiple project aliases by running firebase use --add, 
[info] but for now we'll just set up a default project.
[info] 
[debug] [2023-07-27T10:35:25.560Z] >>> [apiv2][query] GET https://firebase.googleapis.com/v1beta1/projects pageSize=100
[debug] [2023-07-27T10:35:26.580Z] <<< [apiv2][status] GET https://firebase.googleapis.com/v1beta1/projects 200
[debug] [2023-07-27T10:35:26.580Z] <<< [apiv2][body] GET https://firebase.googleapis.com/v1beta1/projects [omitted]
[info] i  Using project clone-bec91 (amazon-clone) 
[info] 
=== Hosting Setup
[info] 
[info] Your public directory is the folder (relative to your project directory) that
[info] will contain Hosting assets to be uploaded with firebase deploy. If you
[info] have a build process for your assets, use your build's output directory.
[info] 
[debug] [2023-07-27T10:35:54.639Z] >>> [apiv2][query] GET https://www.gstatic.com/firebasejs/releases.json [none]
[debug] [2023-07-27T10:35:54.768Z] <<< [apiv2][status] GET https://www.gstatic.com/firebasejs/releases.json 200
[debug] [2023-07-27T10:35:54.768Z] <<< [apiv2][body] GET https://www.gstatic.com/firebasejs/releases.json {"current":{"version":"10.1.0","browserURL":"https://www.gstatic.com/firebasejs/10.1.0/firebase.js","packageURL":"https://www.gstatic.com/firebasejs/10.1.0/firebase.tgz"},"live":{"version":"10.1","browserURL":"https://www.gstatic.com/firebasejs/live/10.1/firebase.js","packageURL":"https://www.gstatic.com/firebasejs/live/10.1/firebase.tgz"},"components":{"analytics":"https://www.gstatic.com/firebasejs/10.1.0/firebase-analytics.js","app":"https://www.gstatic.com/firebasejs/10.1.0/firebase-app.js","app-check":"https://www.gstatic.com/firebasejs/10.1.0/firebase-app-check.js","auth":"https://www.gstatic.com/firebasejs/10.1.0/firebase-auth.js","auth/cordova":"https://www.gstatic.com/firebasejs/10.1.0/firebase-auth/cordova.js","functions":"https://www.gstatic.com/firebasejs/10.1.0/firebase-functions.js","firestore":"https://www.gstatic.com/firebasejs/10.1.0/firebase-firestore.js","firestore/lite":"https://www.gstatic.com/firebasejs/10.1.0/firebase-firestore/lite.js","installations":"https://www.gstatic.com/firebasejs/10.1.0/firebase-installations.js","storage":"https://www.gstatic.com/firebasejs/10.1.0/firebase-storage.js","performance":"https://www.gstatic.com/firebasejs/10.1.0/firebase-performance.js","remote-config":"https://www.gstatic.com/firebasejs/10.1.0/firebase-remote-config.js","messaging":"https://www.gstatic.com/firebasejs/10.1.0/firebase-messaging.js","messaging/sw":"https://www.gstatic.com/firebasejs/10.1.0/firebase-messaging/sw.js","database":"https://www.gstatic.com/firebasejs/10.1.0/firebase-database.js","firestore.memory":"https://www.gstatic.com/firebasejs/10.1.0/firebase-firestore.memory.js"}}
[info] +  Wrote build/index.html 
[info] 
[info] i  Detected a .git folder at C:\Users\91899\Desktop\Amazon Clone 
[info] i  Authorizing with GitHub to upload your service account to a GitHub repository's secrets store. 
[info] 
[info] Visit this URL on this device to log in:
[info] https://github.com/login/oauth/authorize?client_id=89cf50f02ac6aaed3484&state=335603247&redirect_uri=http%3A%2F%2Flocalhost%3A9005&scope=read%3Auser%20repo%20public_repo
[info] 
[info] Waiting for authentication...
[debug] [2023-07-27T10:36:34.015Z] >>> [apiv2][query] POST https://github.com/login/oauth/access_token [none]
[debug] [2023-07-27T10:36:34.015Z] >>> [apiv2][body] POST https://github.com/login/oauth/access_token [stream]
[debug] [2023-07-27T10:36:34.644Z] <<< [apiv2][status] POST https://github.com/login/oauth/access_token 200
[debug] [2023-07-27T10:36:34.644Z] <<< [apiv2][body] POST https://github.com/login/oauth/access_token {"access_token":"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","token_type":"bearer","scope":"read:user,repo"}
[debug] [2023-07-27T10:36:34.651Z] >>> [apiv2][query] GET https://api.github.com/user [none]
[debug] [2023-07-27T10:36:35.223Z] <<< [apiv2][status] GET https://api.github.com/user 200
[debug] [2023-07-27T10:36:35.224Z] <<< [apiv2][body] GET https://api.github.com/user {"login":"PushkarJ99","id":92802281,"node_id":"U_kgDOBYgM6Q","avatar_url":"https://avatars.githubusercontent.com/u/92802281?v=4","gravatar_id":"","url":"https://api.github.com/users/PushkarJ99","html_url":"https://github.com/PushkarJ99","followers_url":"https://api.github.com/users/PushkarJ99/followers","following_url":"https://api.github.com/users/PushkarJ99/following{/other_user}","gists_url":"https://api.github.com/users/PushkarJ99/gists{/gist_id}","starred_url":"https://api.github.com/users/PushkarJ99/starred{/owner}{/repo}","subscriptions_url":"https://api.github.com/users/PushkarJ99/subscriptions","organizations_url":"https://api.github.com/users/PushkarJ99/orgs","repos_url":"https://api.github.com/users/PushkarJ99/repos","events_url":"https://api.github.com/users/PushkarJ99/events{/privacy}","received_events_url":"https://api.github.com/users/PushkarJ99/received_events","type":"User","site_admin":false,"name":null,"company":null,"blog":"","location":null,"email":null,"hireable":null,"bio":null,"twitter_username":null,"public_repos":2,"public_gists":0,"followers":0,"following":1,"created_at":"2021-10-19T13:57:18Z","updated_at":"2023-07-15T12:36:20Z","private_gists":0,"total_private_repos":0,"owned_private_repos":0,"disk_usage":655,"collaborators":0,"two_factor_authentication":false,"plan":{"name":"pro","space":976562499,"collaborators":0,"private_repos":9999}}
[info] 
[info] +  Success! Logged into GitHub as PushkarJ99 
[info] 
[debug] [2023-07-27T10:54:11.725Z] >>> [apiv2][query] GET https://api.github.com/repos/ Amazon-Clone/actions/secrets/public-key type=owner
[debug] [2023-07-27T10:54:12.231Z] <<< [apiv2][status] GET https://api.github.com/repos/ Amazon-Clone/actions/secrets/public-key 404
[debug] [2023-07-27T10:54:12.232Z] <<< [apiv2][body] GET https://api.github.com/repos/ Amazon-Clone/actions/secrets/public-key {"message":"Not Found","documentation_url":"https://docs.github.com/rest"}
[info] 
[info] 
[error] !  The provided authorization cannot be used with this repository. If this repository is in an organization, did you remember to grant access? 
[info] 
[info] i  Action required: Visit this URL to ensure access has been granted to the appropriate organization(s) for the Firebase CLI GitHub OAuth App: 
[info] https://github.com/settings/connections/applications/89cf50f02ac6aaed3484
[info] 
[debug] [2023-07-27T10:54:53.382Z] >>> [apiv2][query] GET https://api.github.com/repos/ Amazon-Clone/actions/secrets/public-key type=owner
[debug] [2023-07-27T10:54:53.870Z] <<< [apiv2][status] GET https://api.github.com/repos/ Amazon-Clone/actions/secrets/public-key 404
[debug] [2023-07-27T10:54:53.870Z] <<< [apiv2][body] GET https://api.github.com/repos/ Amazon-Clone/actions/secrets/public-key {"message":"Not Found","documentation_url":"https://docs.github.com/rest"}
[info] 
[info] 
[error] !  The provided authorization cannot be used with this repository. If this repository is in an organization, did you remember to grant access? 
[info] 
[info] i  Action required: Visit this URL to ensure access has been granted to the appropriate organization(s) for the Firebase CLI GitHub OAuth App: 
[info] https://github.com/settings/connections/applications/89cf50f02ac6aaed3484
[info] 
[debug] [2023-07-27T10:56:42.902Z] >>> [apiv2][query] GET https://api.github.com/repos/ PushkarJ99/Amazon-Clone/actions/secrets/public-key type=owner
[debug] [2023-07-27T10:56:43.418Z] <<< [apiv2][status] GET https://api.github.com/repos/ PushkarJ99/Amazon-Clone/actions/secrets/public-key 404
[debug] [2023-07-27T10:56:43.419Z] <<< [apiv2][body] GET https://api.github.com/repos/ PushkarJ99/Amazon-Clone/actions/secrets/public-key {"message":"Not Found","documentation_url":"https://docs.github.com/rest/actions/secrets#get-a-repository-public-key"}
[info] 
[info] 
[error] !  The provided authorization cannot be used with this repository. If this repository is in an organization, did you remember to grant access? 
[info] 
[info] i  Action required: Visit this URL to ensure access has been granted to the appropriate organization(s) for the Firebase CLI GitHub OAuth App: 
[info] https://github.com/settings/connections/applications/89cf50f02ac6aaed3484
[info] 
[debug] [2023-07-27T10:56:50.010Z] >>> [apiv2][query] GET https://api.github.com/repos//actions/secrets/public-key type=owner
[debug] [2023-07-27T10:56:50.477Z] <<< [apiv2][status] GET https://api.github.com/repos//actions/secrets/public-key 404
[debug] [2023-07-27T10:56:50.477Z] <<< [apiv2][body] GET https://api.github.com/repos//actions/secrets/public-key {"message":"Not Found","documentation_url":"https://docs.github.com/rest"}
[info] 
[info] 
[error] !  The provided authorization cannot be used with this repository. If this repository is in an organization, did you remember to grant access? 
[info] 
[info] i  Action required: Visit this URL to ensure access has been granted to the appropriate organization(s) for the Firebase CLI GitHub OAuth App: 
[info] https://github.com/settings/connections/applications/89cf50f02ac6aaed3484
[info] 
[debug] [2023-07-27T10:56:50.564Z] >>> [apiv2][query] GET https://api.github.com/repos//actions/secrets/public-key type=owner
[debug] [2023-07-27T10:56:50.907Z] >>> [apiv2][query] GET https://api.github.com/repos//actions/secrets/public-key type=owner
[debug] [2023-07-27T10:56:50.946Z] <<< [apiv2][status] GET https://api.github.com/repos//actions/secrets/public-key 404
[debug] [2023-07-27T10:56:50.946Z] <<< [apiv2][body] GET https://api.github.com/repos//actions/secrets/public-key {"message":"Not Found","documentation_url":"https://docs.github.com/rest"}
[info] 
[info] 
[error] !  The provided authorization cannot be used with this repository. If this repository is in an organization, did you remember to grant access? 
[info] 
[info] i  Action required: Visit this URL to ensure access has been granted to the appropriate organization(s) for the Firebase CLI GitHub OAuth App: 
[info] https://github.com/settings/connections/applications/89cf50f02ac6aaed3484
[info] 
[debug] [2023-07-27T10:56:51.409Z] <<< [apiv2][status] GET https://api.github.com/repos//actions/secrets/public-key 404
[debug] [2023-07-27T10:56:51.409Z] <<< [apiv2][body] GET https://api.github.com/repos//actions/secrets/public-key {"message":"Not Found","documentation_url":"https://docs.github.com/rest"}
[info] 
[info] 
[error] !  The provided authorization cannot be used with this repository. If this repository is in an organization, did you remember to grant access? 
[info] 
[info] i  Action required: Visit this URL to ensure access has been granted to the appropriate organization(s) for the Firebase CLI GitHub OAuth App: 
[info] https://github.com/settings/connections/applications/89cf50f02ac6aaed3484
[info] 
[debug] [2023-07-27T10:57:51.113Z] >>> [apiv2][query] GET https://api.github.com/repos/ PushkarJ99/Amazon-Clone/actions/secrets/public-key type=owner
[debug] [2023-07-27T10:57:51.736Z] <<< [apiv2][status] GET https://api.github.com/repos/ PushkarJ99/Amazon-Clone/actions/secrets/public-key 404
[debug] [2023-07-27T10:57:51.736Z] <<< [apiv2][body] GET https://api.github.com/repos/ PushkarJ99/Amazon-Clone/actions/secrets/public-key {"message":"Not Found","documentation_url":"https://docs.github.com/rest/actions/secrets#get-a-repository-public-key"}
[info] 
[info] 
[error] !  The provided authorization cannot be used with this repository. If this repository is in an organization, did you remember to grant access? 
[info] 
[info] i  Action required: Visit this URL to ensure access has been granted to the appropriate organization(s) for the Firebase CLI GitHub OAuth App: 
[info] https://github.com/settings/connections/applications/89cf50f02ac6aaed3484
[info] 
[debug] [2023-07-27T10:57:52.930Z] >>> [apiv2][query] GET https://api.github.com/repos/ PushkarJ99/Amazon-Clone/actions/secrets/public-key type=owner
[debug] [2023-07-27T10:57:53.313Z] <<< [apiv2][status] GET https://api.github.com/repos/ PushkarJ99/Amazon-Clone/actions/secrets/public-key 404
[debug] [2023-07-27T10:57:53.313Z] <<< [apiv2][body] GET https://api.github.com/repos/ PushkarJ99/Amazon-Clone/actions/secrets/public-key {"message":"Not Found","documentation_url":"https://docs.github.com/rest/actions/secrets#get-a-repository-public-key"}
[info] 
[info] 
[error] !  The provided authorization cannot be used with this repository. If this repository is in an organization, did you remember to grant access? 
[info] 
[info] i  Action required: Visit this URL to ensure access has been granted to the appropriate organization(s) for the Firebase CLI GitHub OAuth App: 
[info] https://github.com/settings/connections/applications/89cf50f02ac6aaed3484
[info] 
